
Showing logs for build [32mcb-kubecd-environment-pr-172-22-2h2qw-1[0m stage [32mfrom-build-pack[0m and container [32mstep-credential-initializer-5jjcz[0m
{"level":"warn","ts":1583238858.9387302,"logger":"fallback-logger","caller":"logging/config.go:69","msg":"Fetch GitHub commit ID from kodata failed: \"ref: refs/heads/0.8.0-**-support-backwards-incompats\" is not a valid GitHub commit ID"}
{"level":"info","ts":1583238858.9394786,"logger":"fallback-logger","caller":"creds-init/main.go:40","msg":"Credentials initialized."}

Showing logs for build [32mcb-kubecd-environment-pr-172-22-2h2qw-1[0m stage [32mfrom-build-pack[0m and container [32mstep-working-dir-initializer-2dzzg[0m
{"level":"warn","ts":1583238860.3170195,"logger":"fallback-logger","caller":"logging/config.go:69","msg":"Fetch GitHub commit ID from kodata failed: open /var/run/ko/HEAD: no such file or directory"}
{"level":"info","ts":1583238860.3184886,"logger":"fallback-logger","caller":"bash/main.go:64","msg":"Successfully executed command \"sh -c mkdir -p /workspace/source\"; output "}

Showing logs for build [32mcb-kubecd-environment-pr-172-22-2h2qw-1[0m stage [32mfrom-build-pack[0m and container [32mstep-place-tools[0m

Showing logs for build [32mcb-kubecd-environment-pr-172-22-2h2qw-1[0m stage [32mfrom-build-pack[0m and container [32mstep-git-source-cb-kubecd-environment-pr-172-22-2h2qw-bxhc6[0m
{"level":"warn","ts":1583238865.445171,"logger":"fallback-logger","caller":"logging/config.go:69","msg":"Fetch GitHub commit ID from kodata failed: \"ref: refs/heads/0.8.0-**-support-backwards-incompats\" is not a valid GitHub commit ID"}
{"level":"info","ts":1583238866.4560277,"logger":"fallback-logger","caller":"git/git.go:103","msg":"Successfully cloned https://github.com/cb-kubecd/environment-pr-172-22-boot-vault-gke-staging.git @ master in path /workspace/source"}

Showing logs for build [32mcb-kubecd-environment-pr-172-22-2h2qw-1[0m stage [32mfrom-build-pack[0m and container [32mstep-git-merge[0m
Using SHAs from PULL_REFS=master:2e0bb7242c27748c2cce8b1884859b92f875250b,1:e4e92c3f511e562241c5977941fbcb25ca638a81
DEBUG: LC_ALL=C JX_LOG_LEVEL=error git fetch origin --unshallow e4e92c3f511e562241c5977941fbcb25ca638a81: 2e0bb7242c27748c2cce8b1884859b92f875250b:
DEBUG: ran git fetch --unshallow origin e4e92c3f511e562241c5977941fbcb25ca638a81: 2e0bb7242c27748c2cce8b1884859b92f875250b: in 
DEBUG: LC_ALL=C JX_LOG_LEVEL=error git branch
DEBUG: LC_ALL=C JX_LOG_LEVEL=error git checkout master
DEBUG: ran git checkout master in 
DEBUG: LC_ALL=C JX_LOG_LEVEL=error git reset --hard 2e0bb7242c27748c2cce8b1884859b92f875250b
DEBUG: ran git reset --hard 2e0bb7242c27748c2cce8b1884859b92f875250b in 
DEBUG: LC_ALL=C JX_LOG_LEVEL=error git clean -fd .
DEBUG: ran clean --force -d . in 
DEBUG: LC_ALL=C JX_LOG_LEVEL=error git merge e4e92c3f511e562241c5977941fbcb25ca638a81
DEBUG: ran git merge e4e92c3f511e562241c5977941fbcb25ca638a81 in 
DEBUG: LC_ALL=C JX_LOG_LEVEL=error git log --format=%H%x1f%an%x1f%ae%x1f%cn%x1f%ce%x1f%s%n%b%x1e 2e0bb7242c27748c2cce8b1884859b92f875250b..HEAD
Merged SHA e4e92c3f511e562241c5977941fbcb25ca638a81 with commit message 'chore: Promote bdd-spring-1583238513 to version 0.0.1' into base branch master

Showing logs for build [32mcb-kubecd-environment-pr-172-22-2h2qw-1[0m stage [32mfrom-build-pack[0m and container [32mstep-build-helm-build[0m
WARNING: No $CHART_REPOSITORY defined so using the default value of: http://jenkins-x-chartmuseum:8080
Adding missing Helm repo: storage.googleapis.com https://storage.googleapis.com/chartmuseum.jenkins-x.io
WARNING: No secrets found on "helm/repos" due: reading the secret "helm/repos" from vault: no secret "helm/repos" not found in vault
Read credentials for https://storage.googleapis.com/chartmuseum.jenkins-x.io from vault helm/repos
Successfully added Helm repository storage.googleapis.com.
Adding missing Helm repo: jenkins-x-chartmuseum http://jenkins-x-chartmuseum:8080
WARNING: No secrets found on "helm/repos" due: reading the secret "helm/repos" from vault: no secret "helm/repos" not found in vault
Read credentials for http://jenkins-x-chartmuseum:8080 from vault helm/repos
Successfully added Helm repository jenkins-x-chartmuseum.
WARNING: No $CHART_REPOSITORY defined so using the default value of: http://jenkins-x-chartmuseum:8080
Adding missing Helm repo: chartmuseum.jenkins-x.io http://chartmuseum.jenkins-x.io
WARNING: No secrets found on "helm/repos" due: reading the secret "helm/repos" from vault: no secret "helm/repos" not found in vault
Read credentials for http://chartmuseum.jenkins-x.io from vault helm/repos
Successfully added Helm repository chartmuseum.jenkins-x.io.
