
Showing logs for build [32mcb-kubecd-environment-pr-172-22-kdtc8-1[0m stage [32mfrom-build-pack[0m and container [32mstep-credential-initializer-dqq5b[0m
{"level":"warn","ts":1583242945.1000538,"logger":"fallback-logger","caller":"logging/config.go:69","msg":"Fetch GitHub commit ID from kodata failed: \"ref: refs/heads/0.8.0-**-support-backwards-incompats\" is not a valid GitHub commit ID"}
{"level":"info","ts":1583242945.1009696,"logger":"fallback-logger","caller":"creds-init/main.go:40","msg":"Credentials initialized."}

Showing logs for build [32mcb-kubecd-environment-pr-172-22-kdtc8-1[0m stage [32mfrom-build-pack[0m and container [32mstep-working-dir-initializer-7xt6t[0m
{"level":"warn","ts":1583242946.158952,"logger":"fallback-logger","caller":"logging/config.go:69","msg":"Fetch GitHub commit ID from kodata failed: open /var/run/ko/HEAD: no such file or directory"}
{"level":"info","ts":1583242946.167051,"logger":"fallback-logger","caller":"bash/main.go:64","msg":"Successfully executed command \"sh -c mkdir -p /workspace/source\"; output "}

Showing logs for build [32mcb-kubecd-environment-pr-172-22-kdtc8-1[0m stage [32mfrom-build-pack[0m and container [32mstep-place-tools[0m

Showing logs for build [32mcb-kubecd-environment-pr-172-22-kdtc8-1[0m stage [32mfrom-build-pack[0m and container [32mstep-git-source-cb-kubecd-environment-pr-172-22-kdtc8-cm26l[0m
{"level":"warn","ts":1583242949.3891072,"logger":"fallback-logger","caller":"logging/config.go:69","msg":"Fetch GitHub commit ID from kodata failed: \"ref: refs/heads/0.8.0-**-support-backwards-incompats\" is not a valid GitHub commit ID"}
{"level":"info","ts":1583242950.469161,"logger":"fallback-logger","caller":"git/git.go:103","msg":"Successfully cloned https://github.com/cb-kubecd/environment-pr-172-22-boot-vault-gke-staging.git @ master in path /workspace/source"}

Showing logs for build [32mcb-kubecd-environment-pr-172-22-kdtc8-1[0m stage [32mfrom-build-pack[0m and container [32mstep-git-merge[0m
Using SHAs from PULL_REFS=master:d86d92d069358b4e5e491f7c645a9fcc795a61da,4:7ae83ae38c6d5f9319e7da093120c73a253aba8c
DEBUG: LC_ALL=C JX_LOG_LEVEL=error git fetch origin --unshallow 7ae83ae38c6d5f9319e7da093120c73a253aba8c: d86d92d069358b4e5e491f7c645a9fcc795a61da:
DEBUG: ran git fetch --unshallow origin 7ae83ae38c6d5f9319e7da093120c73a253aba8c: d86d92d069358b4e5e491f7c645a9fcc795a61da: in 
DEBUG: LC_ALL=C JX_LOG_LEVEL=error git branch
DEBUG: JX_LOG_LEVEL=error LC_ALL=C git checkout master
DEBUG: ran git checkout master in 
DEBUG: LC_ALL=C JX_LOG_LEVEL=error git reset --hard d86d92d069358b4e5e491f7c645a9fcc795a61da
DEBUG: ran git reset --hard d86d92d069358b4e5e491f7c645a9fcc795a61da in 
DEBUG: LC_ALL=C JX_LOG_LEVEL=error git clean -fd .
DEBUG: ran clean --force -d . in 
DEBUG: LC_ALL=C JX_LOG_LEVEL=error git merge 7ae83ae38c6d5f9319e7da093120c73a253aba8c
DEBUG: ran git merge 7ae83ae38c6d5f9319e7da093120c73a253aba8c in 
DEBUG: LC_ALL=C JX_LOG_LEVEL=error git log --format=%H%x1f%an%x1f%ae%x1f%cn%x1f%ce%x1f%s%n%b%x1e d86d92d069358b4e5e491f7c645a9fcc795a61da..HEAD
Merged SHA 7ae83ae38c6d5f9319e7da093120c73a253aba8c with commit message 'chore: Promote bdd-nh-1583240158 to version 0.0.1' into base branch master

Showing logs for build [32mcb-kubecd-environment-pr-172-22-kdtc8-1[0m stage [32mfrom-build-pack[0m and container [32mstep-build-helm-build[0m
WARNING: No $CHART_REPOSITORY defined so using the default value of: http://jenkins-x-chartmuseum:8080
Adding missing Helm repo: storage.googleapis.com https://storage.googleapis.com/chartmuseum.jenkins-x.io
WARNING: No secrets found on "helm/repos" due: reading the secret "helm/repos" from vault: no secret "helm/repos" not found in vault
Read credentials for https://storage.googleapis.com/chartmuseum.jenkins-x.io from vault helm/repos
Successfully added Helm repository storage.googleapis.com.
Adding missing Helm repo: jenkins-x-chartmuseum http://jenkins-x-chartmuseum:8080
WARNING: No secrets found on "helm/repos" due: reading the secret "helm/repos" from vault: no secret "helm/repos" not found in vault
Read credentials for http://jenkins-x-chartmuseum:8080 from vault helm/repos
Successfully added Helm repository jenkins-x-chartmuseum.
WARNING: No $CHART_REPOSITORY defined so using the default value of: http://jenkins-x-chartmuseum:8080
Adding missing Helm repo: chartmuseum.jenkins-x.io http://chartmuseum.jenkins-x.io
WARNING: No secrets found on "helm/repos" due: reading the secret "helm/repos" from vault: no secret "helm/repos" not found in vault
Read credentials for http://chartmuseum.jenkins-x.io from vault helm/repos
Successfully added Helm repository chartmuseum.jenkins-x.io.
