
Showing logs for build [32mcb-kubecd-environment-pr-172-22-lvg62-1[0m stage [32mfrom-build-pack[0m and container [32mstep-credential-initializer-rswv5[0m
{"level":"warn","ts":1583241814.9935336,"logger":"fallback-logger","caller":"logging/config.go:69","msg":"Fetch GitHub commit ID from kodata failed: \"ref: refs/heads/0.8.0-**-support-backwards-incompats\" is not a valid GitHub commit ID"}
{"level":"info","ts":1583241814.9943721,"logger":"fallback-logger","caller":"creds-init/main.go:40","msg":"Credentials initialized."}

Showing logs for build [32mcb-kubecd-environment-pr-172-22-lvg62-1[0m stage [32mfrom-build-pack[0m and container [32mstep-working-dir-initializer-qfx2q[0m
{"level":"warn","ts":1583241815.921927,"logger":"fallback-logger","caller":"logging/config.go:69","msg":"Fetch GitHub commit ID from kodata failed: open /var/run/ko/HEAD: no such file or directory"}
{"level":"info","ts":1583241815.9234438,"logger":"fallback-logger","caller":"bash/main.go:64","msg":"Successfully executed command \"sh -c mkdir -p /workspace/source\"; output "}

Showing logs for build [32mcb-kubecd-environment-pr-172-22-lvg62-1[0m stage [32mfrom-build-pack[0m and container [32mstep-place-tools[0m

Showing logs for build [32mcb-kubecd-environment-pr-172-22-lvg62-1[0m stage [32mfrom-build-pack[0m and container [32mstep-git-source-cb-kubecd-environment-pr-172-22-lvg62-q5fck[0m
{"level":"warn","ts":1583241820.0259366,"logger":"fallback-logger","caller":"logging/config.go:69","msg":"Fetch GitHub commit ID from kodata failed: \"ref: refs/heads/0.8.0-**-support-backwards-incompats\" is not a valid GitHub commit ID"}
{"level":"info","ts":1583241821.0430236,"logger":"fallback-logger","caller":"git/git.go:103","msg":"Successfully cloned https://github.com/cb-kubecd/environment-pr-172-22-boot-vault-gke-staging.git @ master in path /workspace/source"}

Showing logs for build [32mcb-kubecd-environment-pr-172-22-lvg62-1[0m stage [32mfrom-build-pack[0m and container [32mstep-git-merge[0m
Using SHAs from PULL_REFS=master:970611c332a8b5747ca2c1da836768820f5c8045,3:55073cef9d407cac36fecf5f0ed2979d10b25736
DEBUG: LC_ALL=C JX_LOG_LEVEL=error git fetch origin --unshallow 55073cef9d407cac36fecf5f0ed2979d10b25736: 970611c332a8b5747ca2c1da836768820f5c8045:
DEBUG: ran git fetch --unshallow origin 55073cef9d407cac36fecf5f0ed2979d10b25736: 970611c332a8b5747ca2c1da836768820f5c8045: in 
DEBUG: LC_ALL=C JX_LOG_LEVEL=error git branch
DEBUG: LC_ALL=C JX_LOG_LEVEL=error git checkout master
DEBUG: ran git checkout master in 
DEBUG: LC_ALL=C JX_LOG_LEVEL=error git reset --hard 970611c332a8b5747ca2c1da836768820f5c8045
DEBUG: ran git reset --hard 970611c332a8b5747ca2c1da836768820f5c8045 in 
DEBUG: LC_ALL=C JX_LOG_LEVEL=error git clean -fd .
DEBUG: ran clean --force -d . in 
DEBUG: LC_ALL=C JX_LOG_LEVEL=error git merge 55073cef9d407cac36fecf5f0ed2979d10b25736
DEBUG: ran git merge 55073cef9d407cac36fecf5f0ed2979d10b25736 in 
DEBUG: LC_ALL=C JX_LOG_LEVEL=error git log --format=%H%x1f%an%x1f%ae%x1f%cn%x1f%ce%x1f%s%n%b%x1e 970611c332a8b5747ca2c1da836768820f5c8045..HEAD
Merged SHA 55073cef9d407cac36fecf5f0ed2979d10b25736 with commit message 'chore: Promote bdd-gh-1583240158 to version 0.0.1' into base branch master

Showing logs for build [32mcb-kubecd-environment-pr-172-22-lvg62-1[0m stage [32mfrom-build-pack[0m and container [32mstep-build-helm-build[0m
WARNING: No $CHART_REPOSITORY defined so using the default value of: http://jenkins-x-chartmuseum:8080
Adding missing Helm repo: storage.googleapis.com https://storage.googleapis.com/chartmuseum.jenkins-x.io
WARNING: No secrets found on "helm/repos" due: reading the secret "helm/repos" from vault: no secret "helm/repos" not found in vault
Read credentials for https://storage.googleapis.com/chartmuseum.jenkins-x.io from vault helm/repos
Successfully added Helm repository storage.googleapis.com.
Adding missing Helm repo: jenkins-x-chartmuseum http://jenkins-x-chartmuseum:8080
WARNING: No secrets found on "helm/repos" due: reading the secret "helm/repos" from vault: no secret "helm/repos" not found in vault
Read credentials for http://jenkins-x-chartmuseum:8080 from vault helm/repos
Successfully added Helm repository jenkins-x-chartmuseum.
WARNING: No $CHART_REPOSITORY defined so using the default value of: http://jenkins-x-chartmuseum:8080
Adding missing Helm repo: chartmuseum.jenkins-x.io http://chartmuseum.jenkins-x.io
WARNING: No secrets found on "helm/repos" due: reading the secret "helm/repos" from vault: no secret "helm/repos" not found in vault
Read credentials for http://chartmuseum.jenkins-x.io from vault helm/repos
Successfully added Helm repository chartmuseum.jenkins-x.io.
